[debug] [2019-03-13T14:43:10.139Z] ----------------------------------------------------------------------
[debug] [2019-03-13T14:43:10.141Z] Command:       /usr/local/bin/node /Users/kamaboko/Workspace/projects/okmorning/node_modules/.bin/firebase deploy
[debug] [2019-03-13T14:43:10.141Z] CLI Version:   6.4.0
[debug] [2019-03-13T14:43:10.141Z] Platform:      darwin
[debug] [2019-03-13T14:43:10.141Z] Node Version:  v10.15.1
[debug] [2019-03-13T14:43:10.142Z] Time:          Wed Mar 13 2019 23:43:10 GMT+0900 (GMT+09:00)
[debug] [2019-03-13T14:43:10.143Z] ----------------------------------------------------------------------
[debug] 
[debug] [2019-03-13T14:43:10.152Z] > command requires scopes: ["email","openid","https://www.googleapis.com/auth/cloudplatformprojects.readonly","https://www.googleapis.com/auth/firebase","https://www.googleapis.com/auth/cloud-platform"]
[debug] [2019-03-13T14:43:10.152Z] > authorizing via signed-in user
[debug] [2019-03-13T14:43:10.152Z] [iam] checking project goodmorning-dev for permissions ["cloudfunctions.functions.create","cloudfunctions.functions.delete","cloudfunctions.functions.get","cloudfunctions.functions.list","cloudfunctions.functions.update","cloudfunctions.operations.get","datastore.indexes.create","datastore.indexes.delete","datastore.indexes.list","datastore.indexes.update","firebase.projects.get","firebasehosting.sites.update","firebaserules.releases.create","firebaserules.releases.update","firebaserules.rulesets.create"]
[debug] [2019-03-13T14:43:10.154Z] >>> HTTP REQUEST POST https://cloudresourcemanager.googleapis.com/v1/projects/goodmorning-dev:testIamPermissions  

[debug] [2019-03-13T14:43:11.116Z] <<< HTTP RESPONSE 200
[debug] [2019-03-13T14:43:11.118Z] >>> HTTP REQUEST GET https://firebase.googleapis.com/v1beta1/projects/goodmorning-dev  
 
[debug] [2019-03-13T14:43:11.928Z] <<< HTTP RESPONSE 200
[info] 
[info] === Deploying to 'goodmorning-dev'...
[info] 
[info] i  deploying storage, firestore, functions, hosting
[info] Running command: npm --prefix "$RESOURCE_DIR" run lint
[info] ✔  functions: Finished running predeploy script.
[debug] [2019-03-13T14:43:15.474Z] >>> HTTP REQUEST GET https://appengine.googleapis.com/v1/apps/goodmorning-dev  
 
[debug] [2019-03-13T14:43:17.154Z] <<< HTTP RESPONSE 200
[info] i  storage: checking storage.rules for compilation errors...
[debug] [2019-03-13T14:43:17.157Z] >>> HTTP REQUEST POST https://firebaserules.googleapis.com/v1/projects/goodmorning-dev:test  

[debug] [2019-03-13T14:43:18.433Z] <<< HTTP RESPONSE 200
[info] ✔  storage: rules file storage.rules compiled successfully
[info] i  firestore: checking firestore.rules for compilation errors...
[info] i  firestore: reading indexes from firestore.indexes.json...
[debug] [2019-03-13T14:43:18.435Z] >>> HTTP REQUEST POST https://firebaserules.googleapis.com/v1/projects/goodmorning-dev:test  

[debug] [2019-03-13T14:43:19.733Z] <<< HTTP RESPONSE 200
[info] ✔  firestore: rules file firestore.rules compiled successfully
[debug] [2019-03-13T14:43:19.735Z] > [functions] package.json contents: {
  "name": "functions",
  "description": "Cloud Functions for Firebase",
  "scripts": {
    "lint": "eslint .",
    "serve": "firebase serve --only functions",
    "shell": "firebase functions:shell",
    "start": "npm run shell",
    "deploy": "firebase deploy --only functions",
    "logs": "firebase functions:log"
  },
  "dependencies": {
    "firebase-admin": "~7.0.0",
    "firebase-functions": "^2.2.0"
  },
  "devDependencies": {
    "eslint": "^5.12.0",
    "eslint-plugin-promise": "^4.0.1",
    "twitter": "^1.7.1"
  },
  "private": true
}
[info] i  functions: ensuring necessary APIs are enabled...
[debug] [2019-03-13T14:43:19.736Z] >>> HTTP REQUEST GET https://servicemanagement.googleapis.com/v1/services/cloudfunctions.googleapis.com/projectSettings/goodmorning-dev?view=CONSUMER_VIEW  
 
[debug] [2019-03-13T14:43:19.738Z] >>> HTTP REQUEST GET https://servicemanagement.googleapis.com/v1/services/runtimeconfig.googleapis.com/projectSettings/goodmorning-dev?view=CONSUMER_VIEW  
 
[debug] [2019-03-13T14:43:21.354Z] <<< HTTP RESPONSE 200
[debug] [2019-03-13T14:43:21.398Z] <<< HTTP RESPONSE 200
[info] ✔  functions: all necessary APIs are enabled
[debug] [2019-03-13T14:43:21.399Z] >>> HTTP REQUEST GET https://cloudresourcemanager.googleapis.com/v1/projects/goodmorning-dev  
 
[debug] [2019-03-13T14:43:22.162Z] <<< HTTP RESPONSE 200
[debug] [2019-03-13T14:43:22.163Z] >>> HTTP REQUEST GET https://mobilesdk-pa.googleapis.com/v1/projects/135818878209:getServerAppConfig  
 
[debug] [2019-03-13T14:43:22.700Z] <<< HTTP RESPONSE 200
[debug] [2019-03-13T14:43:22.702Z] >>> HTTP REQUEST POST https://firebasehosting.googleapis.com/v1beta1/sites/goodmorning-dev/versions  

[debug] [2019-03-13T14:43:24.323Z] <<< HTTP RESPONSE 200
[info] i  storage: uploading rules storage.rules...
[debug] [2019-03-13T14:43:24.324Z] >>> HTTP REQUEST POST https://firebaserules.googleapis.com/v1/projects/goodmorning-dev/rulesets  

[debug] [2019-03-13T14:43:25.753Z] <<< HTTP RESPONSE 200
[debug] [2019-03-13T14:43:25.754Z] [rules] created ruleset projects/goodmorning-dev/rulesets/f4f2d852-4c50-4c23-9418-c8aaa75a8143
[info] i  firestore: uploading rules firestore.rules...
[debug] [2019-03-13T14:43:25.756Z] >>> HTTP REQUEST POST https://firebaserules.googleapis.com/v1/projects/goodmorning-dev/rulesets  

[debug] [2019-03-13T14:43:25.757Z] >>> HTTP REQUEST GET https://firestore.googleapis.com/v1beta2/projects/goodmorning-dev/databases/(default)/collectionGroups/-/indexes  
 
[debug] [2019-03-13T14:43:26.018Z] <<< HTTP RESPONSE 200
[debug] [2019-03-13T14:43:26.018Z] >>> HTTP REQUEST GET https://firestore.googleapis.com/v1beta2/projects/goodmorning-dev/databases/(default)/collectionGroups/-/fields?filter=indexConfig.usesAncestorConfig=false  
 
[debug] [2019-03-13T14:43:26.206Z] <<< HTTP RESPONSE 200
[info] ✔  firestore: deployed indexes in firestore.indexes.json successfully
[debug] [2019-03-13T14:43:27.085Z] <<< HTTP RESPONSE 200
[debug] [2019-03-13T14:43:27.086Z] [rules] created ruleset projects/goodmorning-dev/rulesets/2d0cf598-d09e-408c-a9c2-b5d5015ca282
[info] i  functions: preparing functions directory for uploading...
[debug] [2019-03-13T14:43:27.087Z] >>> HTTP REQUEST GET https://runtimeconfig.googleapis.com/v1beta1/projects/goodmorning-dev/configs  
 
[debug] [2019-03-13T14:43:27.500Z] <<< HTTP RESPONSE 200
[info] i  functions: packaged functions (41.64 KB) for uploading
[debug] [2019-03-13T14:43:27.711Z] >>> HTTP REQUEST POST https://cloudfunctions.googleapis.com/v1/projects/goodmorning-dev/locations/us-central1/functions:generateUploadUrl  
 
[debug] [2019-03-13T14:43:28.314Z] <<< HTTP RESPONSE 200
[debug] [2019-03-13T14:43:28.315Z] >>> HTTP REQUEST PUT https://storage.googleapis.com/gcf-upload-us-central1-ffbe636e-c00e-4dbf-b113-8aeca5521840/12e18d08-8597-4c97-a9d2-fbfe2cf5a1d9.zip?GoogleAccessId=service-135818878209@gcf-admin-robot.iam.gserviceaccount.com&Expires=1552490009&Signature=Os8RD7OGGkkDY22R6v2En51786rZD3V%2BxEIlHvIAs4ji4leUjVKVG%2FgysejWaiJb9XNoLn90T4c%2BiraLM8TXjuRe%2BcgOnwXk4rvA47a%2BH1FgsxkxJ9lr8Co24W4%2B44HnmNf5CKXnPYLYfmgevBUDLQN7IuRLXb6ASJWXoWnCBYbADXklZzg%2FlKLXJgldeYomKio5StqK199zmaN5Zrb8Ma5g4Bpo6O5WBfj6qqOrv31%2FozFO3w%2FUPplYi8F0AgEZfNRxQlPicPn4oNHmjaEobnGfFsL9BRtDL14nvWEi0otyA1pNM3JOFCYvFhF5r%2Fp2abeydonJQPDyF5NffaOmIQ%3D%3D  

[debug] [2019-03-13T14:43:28.932Z] <<< HTTP RESPONSE 200
[info] ✔  functions: functions folder uploaded successfully
[info] i  hosting[goodmorning-dev]: beginning deploy...
[info] i  hosting[goodmorning-dev]: found 12 files in dist
[debug] [2019-03-13T14:43:28.944Z] [hosting] hash cache [ZGlzdA] load error: lines is not defined
[debug] [2019-03-13T14:43:29.474Z] [hosting] hash cache [ZGlzdA] stored for 12 files
[debug] [2019-03-13T14:43:29.474Z] [hosting][hash queue][FINAL]
[debug] [2019-03-13T14:43:29.475Z] >>> HTTP REQUEST POST https://firebasehosting.googleapis.com/v1beta1/sites/goodmorning-dev/versions/3f8455f8485f3ded:populateFiles  
 <request body omitted>
[debug] [2019-03-13T14:43:30.260Z] <<< HTTP RESPONSE 200
[debug] [2019-03-13T14:43:30.264Z] [hosting][populate queue][FINAL]
[debug] [2019-03-13T14:43:30.264Z] [hosting] uploads queued: 4
[debug] [2019-03-13T14:43:33.433Z] [hosting][upload queue][FINAL]
[info] ✔  hosting[goodmorning-dev]: file upload complete
[debug] [2019-03-13T14:43:33.434Z] [hosting] deploy completed after 4501ms
[debug] [2019-03-13T14:43:33.588Z] [rules] releasing firebase.storage/goodmorning-dev.appspot.com with ruleset projects/goodmorning-dev/rulesets/f4f2d852-4c50-4c23-9418-c8aaa75a8143
[debug] [2019-03-13T14:43:33.588Z] >>> HTTP REQUEST PATCH https://firebaserules.googleapis.com/v1/projects/goodmorning-dev/releases/firebase.storage/goodmorning-dev.appspot.com  

[debug] [2019-03-13T14:43:35.897Z] <<< HTTP RESPONSE 200
[debug] [2019-03-13T14:43:35.898Z] [rules] updated release projects/goodmorning-dev/releases/firebase.storage/goodmorning-dev.appspot.com
[info] ✔  storage: released rules storage.rules to firebase.storage/goodmorning-dev.appspot.com
[debug] [2019-03-13T14:43:35.898Z] [rules] releasing cloud.firestore with ruleset projects/goodmorning-dev/rulesets/2d0cf598-d09e-408c-a9c2-b5d5015ca282
[debug] [2019-03-13T14:43:35.899Z] >>> HTTP REQUEST PATCH https://firebaserules.googleapis.com/v1/projects/goodmorning-dev/releases/cloud.firestore  

[debug] [2019-03-13T14:43:37.223Z] <<< HTTP RESPONSE 200
[debug] [2019-03-13T14:43:37.224Z] [rules] updated release projects/goodmorning-dev/releases/cloud.firestore
[info] ✔  firestore: released rules firestore.rules to cloud.firestore
[debug] [2019-03-13T14:43:37.225Z] >>> HTTP REQUEST GET https://cloudfunctions.googleapis.com/v1/projects/goodmorning-dev/locations/-/functions  
 
[debug] [2019-03-13T14:43:38.354Z] <<< HTTP RESPONSE 200
[info] i  functions: updating Node.js 6 function helloWorld(us-central1)...
[debug] [2019-03-13T14:43:38.357Z] Trigger is:  {"httpsTrigger":{}}
[debug] [2019-03-13T14:43:38.360Z] >>> HTTP REQUEST PATCH https://cloudfunctions.googleapis.com/v1/projects/goodmorning-dev/locations/us-central1/functions/helloWorld {"updateMask":"sourceUploadUrl,name,labels,httpsTrigger"} 

[debug] [2019-03-13T14:43:39.498Z] <<< HTTP RESPONSE 200
[debug] [2019-03-13T14:43:39.502Z] >>> HTTP REQUEST GET https://cloudfunctions.googleapis.com/v1/projects/goodmorning-dev/locations/-/functions  
 
[debug] [2019-03-13T14:43:40.499Z] <<< HTTP RESPONSE 200
[debug] [2019-03-13T14:43:40.500Z] >>> HTTP REQUEST GET https://cloudfunctions.googleapis.com/v1/operations/Z29vZG1vcm5pbmctZGV2L3VzLWNlbnRyYWwxL2hlbGxvV29ybGQvc2JBQUwzcFlEb0U  
 
[debug] [2019-03-13T14:43:40.908Z] <<< HTTP RESPONSE 200
[debug] [2019-03-13T14:43:42.914Z] >>> HTTP REQUEST GET https://cloudfunctions.googleapis.com/v1/operations/Z29vZG1vcm5pbmctZGV2L3VzLWNlbnRyYWwxL2hlbGxvV29ybGQvc2JBQUwzcFlEb0U  
 
[debug] [2019-03-13T14:43:43.268Z] <<< HTTP RESPONSE 200
[debug] [2019-03-13T14:43:45.272Z] >>> HTTP REQUEST GET https://cloudfunctions.googleapis.com/v1/operations/Z29vZG1vcm5pbmctZGV2L3VzLWNlbnRyYWwxL2hlbGxvV29ybGQvc2JBQUwzcFlEb0U  
 
[debug] [2019-03-13T14:43:45.622Z] <<< HTTP RESPONSE 200
